2025-12-11 13:28:32,864 [INFO] 代理配置: HTTP=http://127.0.0.1:7890, HTTPS=http://127.0.0.1:7890
2025-12-11 13:28:32,864 [INFO] 已发现 3 个项目组件，前 10 个预览：
2025-12-11 13:28:32,864 [INFO]  - BaostockSession
2025-12-11 13:28:32,865 [INFO]  - BaostockDataFetcher
2025-12-11 13:28:32,865 [INFO]  - AshareUniverseBuilder
2025-12-11 13:28:33,053 [INFO] 最近交易日：2025-12-11
2025-12-11 13:28:33,536 [INFO] 已保存 3173 只股票的列表至表 a_share_stock_list
2025-12-11 13:28:33,537 [INFO] 开始导出 3173 只股票的 30 日历史数据
2025-12-11 13:30:03,252 [INFO] 已完成 500/3173 支股票的数据拉取
2025-12-11 13:31:22,564 [INFO] 已完成 1000/3173 支股票的数据拉取
2025-12-11 13:32:44,009 [INFO] 已完成 1500/3173 支股票的数据拉取
2025-12-11 13:34:24,231 [INFO] 已完成 2000/3173 支股票的数据拉取
2025-12-11 13:35:54,950 [INFO] 已完成 2500/3173 支股票的数据拉取
2025-12-11 13:37:33,750 [INFO] 已完成 3000/3173 支股票的数据拉取
2025-12-11 13:38:05,804 [INFO] 已完成 3173/3173 支股票的数据拉取
2025-12-11 13:38:11,039 [INFO] 已导出最近 30 个交易日的历史数据，共 79292 行，表名：history_recent_30_days
2025-12-11 14:40:29,204 [INFO] 参数配置：history_days=30, top_liquidity_count=100
2025-12-11 14:40:29,320 [INFO] 代理配置: HTTP=http://127.0.0.1:7890, HTTPS=http://127.0.0.1:7890
2025-12-11 14:40:29,321 [INFO] 已发现 3 个项目组件，前 10 个预览：
2025-12-11 14:40:29,321 [INFO]  - BaostockSession
2025-12-11 14:40:29,321 [INFO]  - BaostockDataFetcher
2025-12-11 14:40:29,321 [INFO]  - AshareUniverseBuilder
2025-12-11 14:40:29,509 [INFO] 最近交易日：2025-12-11
2025-12-11 14:40:30,074 [INFO] 已保存 3173 只股票的列表至表 a_share_stock_list
2025-12-11 14:40:30,078 [INFO] 历史表 history_daily_kline 不存在或为空，执行冷启动：拉取最近 30 天日线。
2025-12-11 14:40:30,158 [INFO] 开始导出 3173 只股票的最近 30 个交易日历史数据，窗口 [2025-10-31, 2025-12-11]
2025-12-11 14:41:17,240 [INFO] 已完成 500/3173 支股票的数据拉取
2025-12-11 14:42:01,257 [INFO] 已完成 1000/3173 支股票的数据拉取
2025-12-11 14:42:56,697 [INFO] 已完成 1500/3173 支股票的数据拉取
2025-12-11 14:43:45,687 [INFO] 已完成 2000/3173 支股票的数据拉取
2025-12-11 14:44:31,317 [INFO] 已完成 2500/3173 支股票的数据拉取
2025-12-11 14:45:20,672 [INFO] 已完成 3000/3173 支股票的数据拉取
2025-12-11 14:45:35,504 [INFO] 已完成 3173/3173 支股票的数据拉取
2025-12-11 14:45:35,505 [INFO] 日线拉取完成：成功 3173/3173，空数据 0，失败 0
2025-12-11 14:45:41,669 [INFO] 已导出最近 30 个交易日的历史数据，共 91965 行，表名：history_recent_30_days
2025-12-11 14:45:49,685 [INFO] 已生成候选池：表 a_share_universe
2025-12-11 14:45:49,769 [INFO] 已将成交额排序结果写入表 a_share_top_liquidity，可用于筛选高流动性标的。
2025-12-11 14:45:49,769 [INFO] 历史日线数据已保存至表：history_daily_kline
2025-12-11 16:16:06,088 [INFO] 参数配置：history_days=30, top_liquidity_count=100, min_listing_days=60
2025-12-11 16:16:06,193 [INFO] 代理配置: HTTP=http://127.0.0.1:7890, HTTPS=http://127.0.0.1:7890
2025-12-11 16:16:06,194 [INFO] 已发现 3 个项目组件，前 10 个预览：
2025-12-11 16:16:06,194 [INFO]  - BaostockSession
2025-12-11 16:16:06,194 [INFO]  - BaostockDataFetcher
2025-12-11 16:16:06,195 [INFO]  - AshareUniverseBuilder
2025-12-11 16:16:06,390 [INFO] 最近交易日：2025-12-11
2025-12-11 16:16:06,964 [INFO] 已保存 3173 只股票的列表至表 a_share_stock_list
2025-12-11 16:16:07,532 [INFO] 已保存证券基本资料至表 a_share_stock_basic
2025-12-11 16:16:08,051 [INFO] 已保存行业分类信息至表 a_share_stock_industry
2025-12-11 16:16:08,279 [INFO] 开始增量拉取 2025-12-11 至 2025-12-11 的日线数据（原有截至 2025-12-10）。
2025-12-11 16:18:44,151 [INFO] 本次没有任何新的日线数据可写入。
2025-12-11 16:18:47,226 [INFO] 已保存 hs300 成分股至表 index_hs300_members
2025-12-11 16:18:47,532 [INFO] 已保存 zz500 成分股至表 index_zz500_members
2025-12-11 16:18:47,759 [INFO] 已保存 sz50 成分股至表 index_sz50_members
2025-12-11 16:18:48,533 [INFO] 已生成候选池：表 a_share_universe
2025-12-11 16:18:48,674 [INFO] 已将成交额排序结果写入表 a_share_top_liquidity，可用于筛选高流动性标的。
2025-12-11 16:18:48,675 [INFO] 历史日线数据已保存至表：history_daily_kline
2025-12-11 17:05:57,417 [INFO] 参数配置：history_days=30, top_liquidity_count=100, min_listing_days=60
2025-12-11 17:05:57,507 [INFO] 代理配置: HTTP=http://127.0.0.1:7890, HTTPS=http://127.0.0.1:7890
2025-12-11 17:05:57,507 [INFO] 已发现 3 个项目组件，前 10 个预览：
2025-12-11 17:05:57,507 [INFO]  - BaostockSession
2025-12-11 17:05:57,507 [INFO]  - BaostockDataFetcher
2025-12-11 17:05:57,507 [INFO]  - AshareUniverseBuilder
2025-12-11 17:05:58,033 [INFO] 最近交易日：2025-12-11
2025-12-11 17:06:00,103 [INFO] 已保存 3173 只股票的列表至表 a_share_stock_list
2025-12-11 17:06:04,152 [INFO] 已保存证券基本资料至表 a_share_stock_basic
2025-12-11 17:06:06,240 [INFO] 已保存行业分类信息至表 a_share_stock_industry
2025-12-11 17:06:06,428 [INFO] 开始增量拉取 2025-12-11 至 2025-12-11 的日线数据（原有截至 2025-12-10）。
2025-12-11 17:11:22,578 [INFO] 本次没有任何新的日线数据可写入。
2025-12-11 17:11:28,967 [INFO] 已保存 hs300 成分股至表 index_hs300_members
2025-12-11 17:11:29,804 [INFO] 已保存 zz500 成分股至表 index_zz500_members
2025-12-11 17:11:30,016 [INFO] 已保存 sz50 成分股至表 index_sz50_members
2025-12-11 17:11:31,078 [INFO] 已生成候选池：表 a_share_universe
2025-12-11 17:11:31,215 [INFO] 已将成交额排序结果写入表 a_share_top_liquidity，可用于筛选高流动性标的。
2025-12-11 17:11:31,215 [INFO] 历史日线数据已保存至表：history_daily_kline
2025-12-11 18:54:58,522 [INFO] 参数配置：history_days=30, top_liquidity_count=100, min_listing_days=60
2025-12-11 18:54:58,653 [INFO] 代理配置: HTTP=http://127.0.0.1:7890, HTTPS=http://127.0.0.1:7890
2025-12-11 18:54:58,654 [INFO] 已发现 4 个项目组件，前 10 个预览：
2025-12-11 18:54:58,654 [INFO]  - BaostockSession
2025-12-11 18:54:58,654 [INFO]  - BaostockDataFetcher
2025-12-11 18:54:58,654 [INFO]  - AshareUniverseBuilder
2025-12-11 18:54:58,654 [INFO]  - FundamentalDataManager
2025-12-11 18:55:02,459 [INFO] 最近交易日：2025-12-11
2025-12-11 18:55:10,167 [INFO] 已保存 3175 只股票的列表至表 a_share_stock_list
2025-12-11 18:55:30,717 [INFO] 已保存证券基本资料至表 a_share_stock_basic
2025-12-11 18:56:32,856 [INFO] 已保存行业分类信息至表 a_share_stock_industry
2025-12-11 18:56:34,948 [INFO] 已保存 hs300 成分股至表 index_hs300_members
2025-12-11 18:56:37,852 [INFO] 已保存 zz500 成分股至表 index_zz500_members
2025-12-11 18:56:38,527 [INFO] 已保存 sz50 成分股至表 index_sz50_members
2025-12-11 18:56:38,527 [INFO] 开始更新 fundamentals_quarter_profit，季度窗口：[(2025, 1), (2025, 2), (2025, 3), (2025, 4)]
2025-12-11 19:19:34,358 [INFO] 表 fundamentals_quarter_profit 已更新，当前总行数：2400
2025-12-11 19:19:34,373 [INFO] 开始更新 fundamentals_quarter_growth，季度窗口：[(2025, 1), (2025, 2), (2025, 3), (2025, 4)]
2025-12-11 19:44:37,192 [INFO] 表 fundamentals_quarter_growth 已更新，当前总行数：2400
2025-12-11 19:44:37,203 [INFO] 开始更新 fundamentals_quarter_balance，季度窗口：[(2025, 1), (2025, 2), (2025, 3), (2025, 4)]
2025-12-11 20:11:52,697 [INFO] 表 fundamentals_quarter_balance 已更新，当前总行数：2395
2025-12-11 20:11:52,733 [INFO] 开始更新 fundamentals_quarter_cashflow，季度窗口：[(2025, 1), (2025, 2), (2025, 3), (2025, 4)]
2025-12-11 20:36:51,308 [INFO] 表 fundamentals_quarter_cashflow 已更新，当前总行数：2395
2025-12-11 20:36:51,334 [INFO] 开始更新 fundamentals_quarter_operation，季度窗口：[(2025, 1), (2025, 2), (2025, 3), (2025, 4)]
2025-12-11 20:59:52,406 [INFO] 表 fundamentals_quarter_operation 已更新，当前总行数：2400
2025-12-11 20:59:52,438 [INFO] 开始更新 fundamentals_quarter_dupont，季度窗口：[(2025, 1), (2025, 2), (2025, 3), (2025, 4)]
2025-12-11 21:25:47,148 [INFO] 表 fundamentals_quarter_dupont 已更新，当前总行数：2400
2025-12-11 21:25:48,051 [INFO] 已生成宽表 fundamentals_latest_wide，共 800 行。
2025-12-11 21:25:48,368 [INFO] 开始增量拉取 2025-12-11 至 2025-12-11 的日线数据（原有截至 2025-12-10）。
2025-12-11 21:30:51,036 [INFO] 增量已完成 500/3175 支股票的数据拉取
2025-12-11 21:35:31,612 [INFO] 增量已完成 1000/3175 支股票的数据拉取
2025-12-11 21:40:15,210 [INFO] 增量已完成 1500/3175 支股票的数据拉取
2025-12-11 21:45:35,494 [INFO] 增量已完成 2000/3175 支股票的数据拉取
2025-12-11 21:50:13,846 [INFO] 增量已完成 2500/3175 支股票的数据拉取
2025-12-11 21:54:43,468 [INFO] 增量已完成 3000/3175 支股票的数据拉取
2025-12-11 21:56:09,995 [INFO] 增量已完成 3175/3175 支股票的数据拉取
2025-12-11 21:56:11,138 [INFO] 增量拉取完成：成功 3175/3175，空数据 0，失败 0
2025-12-11 21:56:17,670 [INFO] ROE 为正 过滤：3042 -> 592
2025-12-11 21:56:17,678 [INFO] 资产负债率 < 75% 过滤：592 -> 592
2025-12-11 21:56:17,681 [INFO] 经营现金流为正（按 CFO 比率代理） 过滤：592 -> 491
2025-12-11 21:56:17,684 [INFO] 净利润或 EPS 同比为正 过滤：491 -> 323
2025-12-11 21:56:18,096 [INFO] 已生成候选池：表 a_share_universe
2025-12-11 21:56:18,274 [INFO] 已将成交额排序结果写入表 a_share_top_liquidity，可用于筛选高流动性标的。
2025-12-11 21:56:18,274 [INFO] 历史日线数据已保存至表：history_daily_kline
2025-12-12 12:10:40,159 [INFO] 参数配置：history_days=30, top_liquidity_count=100, min_listing_days=60
2025-12-12 12:10:40,313 [INFO] 代理配置: HTTP=None, HTTPS=None
2025-12-12 12:10:40,313 [INFO] 已发现 4 个项目组件，前 10 个预览：
2025-12-12 12:10:40,313 [INFO]  - BaostockSession
2025-12-12 12:10:40,313 [INFO]  - BaostockDataFetcher
2025-12-12 12:10:40,313 [INFO]  - AshareUniverseBuilder
2025-12-12 12:10:40,314 [INFO]  - FundamentalDataManager
2025-12-12 12:10:41,436 [INFO] 最近交易日：2025-12-12
2025-12-12 12:10:43,988 [INFO] 已保存 3175 只股票的列表至表 a_share_stock_list
2025-12-12 12:10:49,359 [INFO] 已保存证券基本资料至表 a_share_stock_basic
2025-12-12 12:10:55,833 [INFO] 已保存行业分类信息至表 a_share_stock_industry
2025-12-12 12:10:59,276 [INFO] 已保存 hs300 成分股至表 index_hs300_members
2025-12-12 12:11:00,027 [INFO] 已保存 zz500 成分股至表 index_zz500_members
2025-12-12 12:11:00,663 [INFO] 已保存 sz50 成分股至表 index_sz50_members
2025-12-12 12:11:00,664 [INFO] 基础面刷新开关已关闭，本次仅使用数据库中已有的财务表构建宽表。
2025-12-12 12:11:01,406 [INFO] 已生成宽表 fundamentals_latest_wide，共 800 行。
2025-12-12 12:11:02,194 [INFO] 开始增量拉取 2025-12-12 至 2025-12-12 的日线数据（原有截至 2025-12-11）。
2025-12-12 12:16:38,527 [INFO] 本次没有任何新的日线数据可写入。
2025-12-12 12:16:41,140 [INFO] ROE 为正 过滤：3042 -> 592
2025-12-12 12:16:41,143 [INFO] 资产负债率 < 75% 过滤：592 -> 592
2025-12-12 12:16:41,145 [INFO] 经营现金流为正（按 CFO 比率代理） 过滤：592 -> 491
2025-12-12 12:16:41,147 [INFO] 净利润或 EPS 同比为正 过滤：491 -> 323
2025-12-12 12:16:41,425 [INFO] 已生成候选池：表 a_share_universe
2025-12-12 12:16:41,588 [INFO] 已将成交额排序结果写入表 a_share_top_liquidity，可用于筛选高流动性标的。
2025-12-12 12:16:42,339 [WARNING] 龙虎榜详情获取失败: 'NoneType' object is not subscriptable
2025-12-12 12:16:43,320 [WARNING] 两融明细 sse 获取失败: Length mismatch: Expected axis has 0 elements, new values have 13 elements
2025-12-12 12:16:45,157 [INFO] 两融明细 szse 在 2025-12-12 返回为空。
2025-12-12 12:16:54,525 [WARNING] 删除表 a_share_hsgt_hold_rank 分区时出现异常（可能表不存在），已跳过删除：(pymysql.err.ProgrammingError) (1146, "Table 'ashare.a_share_hsgt_hold_rank' doesn't exist")
[SQL: DELETE FROM `a_share_hsgt_hold_rank` WHERE trade_date = %(trade_date)s AND indicator = %(indicator)s AND market = %(market)s]
[parameters: {'trade_date': '20240816', 'indicator': '5日排行', 'market': '沪股通'}]
(Background on this error at: https://sqlalche.me/e/20/f405)
2025-12-12 12:16:54,846 [INFO] 表 a_share_hsgt_hold_rank 已写入 2767 行。
2025-12-12 12:17:08,118 [WARNING] 删除表 a_share_gdhs 分区时出现异常（可能表不存在），已跳过删除：(pymysql.err.ProgrammingError) (1146, "Table 'ashare.a_share_gdhs' doesn't exist")
[SQL: DELETE FROM `a_share_gdhs` WHERE period = %(period)s]
[parameters: {'period': '20251210'}]
(Background on this error at: https://sqlalche.me/e/20/f405)
2025-12-12 12:17:08,763 [INFO] 表 a_share_gdhs 已写入 5445 行。
2025-12-12 12:17:09,491 [WARNING] 行为证据同步阶段出现异常: 'NoneType' object is not subscriptable
2025-12-12 12:17:09,493 [INFO] 历史日线数据已保存至表：history_daily_kline
2025-12-12 13:10:53,593 [INFO] 参数配置：history_days=30, top_liquidity_count=100, min_listing_days=60
2025-12-12 13:10:53,728 [INFO] 代理配置: HTTP=None, HTTPS=None
2025-12-12 13:10:53,729 [INFO] 已发现 4 个项目组件，前 10 个预览：
2025-12-12 13:10:53,729 [INFO]  - BaostockSession
2025-12-12 13:10:53,729 [INFO]  - BaostockDataFetcher
2025-12-12 13:10:53,730 [INFO]  - AshareUniverseBuilder
2025-12-12 13:10:53,730 [INFO]  - FundamentalDataManager
2025-12-12 13:10:54,455 [INFO] 最近交易日：2025-12-12
2025-12-12 13:10:58,048 [INFO] 已保存 3175 只股票的列表至表 a_share_stock_list
2025-12-12 13:11:00,438 [INFO] 已保存证券基本资料至表 a_share_stock_basic
2025-12-12 13:11:02,523 [INFO] 已保存行业分类信息至表 a_share_stock_industry
2025-12-12 13:11:02,854 [INFO] 已保存 hs300 成分股至表 index_hs300_members
2025-12-12 13:11:03,097 [INFO] 已保存 zz500 成分股至表 index_zz500_members
2025-12-12 13:11:03,547 [INFO] 已保存 sz50 成分股至表 index_sz50_members
2025-12-12 13:11:03,548 [INFO] 基础面刷新开关已关闭，本次仅使用数据库中已有的财务表构建宽表。
2025-12-12 13:11:04,642 [INFO] 已生成宽表 fundamentals_latest_wide，共 800 行。
2025-12-12 13:11:05,301 [INFO] 开始增量拉取 2025-12-12 至 2025-12-12 的日线数据（原有截至 2025-12-11）。
