2025-12-11 00:43:40,472 [INFO] 代理配置: HTTP=http://127.0.0.1:7890, HTTPS=http://127.0.0.1:7890
2025-12-11 00:43:40,472 [INFO] 已发现 3 个项目组件，前 10 个预览：
2025-12-11 00:43:40,473 [INFO]  - BaostockSession
2025-12-11 00:43:40,473 [INFO]  - BaostockDataFetcher
2025-12-11 00:43:40,473 [INFO]  - AshareUniverseBuilder
2025-12-11 00:43:40,672 [INFO] 最近交易日：2025-12-11
2025-12-11 00:43:40,712 [ERROR] 导出股票列表失败: 获取股票列表失败：返回为空。
2025-12-11 01:05:24,345 [INFO] 代理配置: HTTP=http://127.0.0.1:7890, HTTPS=http://127.0.0.1:7890
2025-12-11 01:05:24,345 [INFO] 已发现 3 个项目组件，前 10 个预览：
2025-12-11 01:05:24,345 [INFO]  - BaostockSession
2025-12-11 01:05:24,346 [INFO]  - BaostockDataFetcher
2025-12-11 01:05:24,346 [INFO]  - AshareUniverseBuilder
2025-12-11 01:05:24,919 [INFO] 最近交易日：2025-12-11
2025-12-11 01:05:28,370 [INFO] 已保存 3173 只股票的列表至 output\a_share_stock_list.csv
2025-12-11 01:05:28,377 [INFO] 开始导出 3173 只股票的 30 日历史数据
2025-12-11 01:07:06,778 [INFO] 已完成 500/3173 支股票的数据拉取
2025-12-11 01:08:49,097 [INFO] 已完成 1000/3173 支股票的数据拉取
2025-12-11 01:10:38,621 [INFO] 已完成 1500/3173 支股票的数据拉取
2025-12-11 01:12:22,142 [INFO] 已完成 2000/3173 支股票的数据拉取
2025-12-11 01:13:52,182 [INFO] 已完成 2500/3173 支股票的数据拉取
2025-12-11 01:15:31,917 [INFO] 已完成 3000/3173 支股票的数据拉取
2025-12-11 01:16:02,783 [INFO] 已完成 3173/3173 支股票的数据拉取
2025-12-11 01:16:03,802 [INFO] 已导出最近 30 个交易日的历史数据，共 79292 行，路径：output\history_recent_30_days.csv
2025-12-11 01:16:04,180 [INFO] 已生成候选池：output\a_share_universe.csv
2025-12-11 01:16:04,184 [INFO] 已将成交额排序结果写入 output\a_share_top_liquidity.csv，可用于筛选高流动性标的。
2025-12-11 01:16:04,184 [INFO] 历史日线数据已保存：output\history_recent_30_days.csv
